
=== Sat Apr 23 11:35:10 2022

Packages were changed.
Update Mode: updateDependencies

The following packages were updated:
  com.unity.cinemachine from version 2.6.11 to 2.8.4
  com.unity.collab-proxy from version 1.13.5 to 1.15.15
  com.unity.ide.rider from version 2.0.7 to 3.0.13
  com.unity.ide.visualstudio from version 2.0.11 to 2.0.14
  com.unity.ide.vscode from version 1.2.4 to 1.2.5
  com.unity.test-framework from version 1.1.29 to 1.1.31
  com.unity.timeline from version 1.4.8 to 1.6.4

=== Sat Apr 23 12:44:43 2022

Packages were changed.
Update Mode: updateDependencies

The following packages were updated:
  com.unity.cinemachine from version 2.6.11 to 2.8.4
  com.unity.collab-proxy from version 1.13.5 to 1.15.15
  com.unity.ide.rider from version 2.0.7 to 3.0.13
  com.unity.ide.visualstudio from version 2.0.11 to 2.0.14
  com.unity.ide.vscode from version 1.2.4 to 1.2.5
  com.unity.test-framework from version 1.1.29 to 1.1.31
  com.unity.timeline from version 1.4.8 to 1.6.4
